{
  "stats": {
    "suites": 1,
    "tests": 2,
    "passes": 2,
    "pending": 0,
    "failures": 0,
    "start": "2022-12-07T02:09:02.042Z",
    "end": "2022-12-07T02:09:13.160Z",
    "duration": 11118,
    "testsRegistered": 2,
    "passPercent": 100,
    "pendingPercent": 0,
    "other": 0,
    "hasOther": false,
    "skipped": 0,
    "hasSkipped": false
  },
  "results": [
    {
      "uuid": "97b163fd-07db-4c75-8a9b-31803f75a988",
      "title": "",
      "fullFile": "cypress\\e2e\\test\\checkout.cy.js",
      "file": "cypress\\e2e\\test\\checkout.cy.js",
      "beforeHooks": [],
      "afterHooks": [],
      "tests": [],
      "suites": [
        {
          "uuid": "90023eca-2887-46cf-8120-12cdae56a75f",
          "title": "Login",
          "fullFile": "",
          "file": "",
          "beforeHooks": [],
          "afterHooks": [],
          "tests": [
            {
              "title": "should login with a valid user, add an item to cart and checkout successfully",
              "fullTitle": "Login should login with a valid user, add an item to cart and checkout successfully",
              "timedOut": null,
              "duration": 7077,
              "state": "passed",
              "speed": "medium",
              "pass": true,
              "fail": false,
              "pending": false,
              "context": null,
              "code": "//cy.visit('/')\n_login.default.login('standard_user', 'secret_sauce');\ncy.get('.inventory_item_name').should('be.visible');\n_cart.default.addToCart('Sauce Labs Backpack');\n_cart.default.navigateToCart();\ncy.get(_cart.default.cartNotification).should('have.text', 1);\ncy.get(_cart.default.cartQuantity).should('have.text', 1);\ncy.get(_cart.default.removeSauceLabBackPackBtn).should('be.visible');\ncy.get(_cart.default.cartItemsName).should('have.text', 'Sauce Labs Backpack');\n_cart.default.checkoutProcess(faker.name.firstName(), faker.name.lastName(), faker.address.zipCode());\n_cart.default.checkoutSuccess();",
              "err": {},
              "uuid": "72486919-6e4e-49b9-a114-83b93eaed0a9",
              "parentUUID": "90023eca-2887-46cf-8120-12cdae56a75f",
              "isHook": false,
              "skipped": false
            },
            {
              "title": "should login with a valid user, add multiple items to cart and checkout successfully",
              "fullTitle": "Login should login with a valid user, add multiple items to cart and checkout successfully",
              "timedOut": null,
              "duration": 3754,
              "state": "passed",
              "speed": "fast",
              "pass": true,
              "fail": false,
              "pending": false,
              "context": null,
              "code": "//cy.visit('/')\n_login.default.login('standard_user', 'secret_sauce');\ncy.get('.inventory_item_name').should('be.visible');\n_cart.default.addToCart('Sauce Labs Backpack');\n_cart.default.addToCart('Sauce Labs Bike Light');\n_cart.default.addToCart('Sauce Labs Bolt T-Shirt');\n_cart.default.navigateToCart();\ncy.get(_cart.default.cartNotification).should('have.text', 3);\ncy.get(_cart.default.cartQuantity).should('have.text', 111);\ncy.get(_cart.default.removeSauceLabBackPackBtn).should('be.visible');\ncy.get('.cart_list>div').should($lis => {\n  expect($lis, '3 items').to.have.length(5);\n  expect($lis.eq(2), 'first item').to.contain('Sauce Labs Backpack');\n  expect($lis.eq(3), 'second item').to.contain('Sauce Labs Bike Light');\n  expect($lis.eq(4), 'third item').to.contain('Sauce Labs Bolt T-Shirt');\n});\n_cart.default.checkoutProcess(faker.name.firstName(), faker.name.lastName(), faker.address.zipCode());\n_cart.default.checkoutSuccess();",
              "err": {},
              "uuid": "1304ce6c-6ebe-4262-92b0-84e18d1e4362",
              "parentUUID": "90023eca-2887-46cf-8120-12cdae56a75f",
              "isHook": false,
              "skipped": false
            }
          ],
          "suites": [],
          "passes": [
            "72486919-6e4e-49b9-a114-83b93eaed0a9",
            "1304ce6c-6ebe-4262-92b0-84e18d1e4362"
          ],
          "failures": [],
          "pending": [],
          "skipped": [],
          "duration": 10831,
          "root": false,
          "rootEmpty": false,
          "_timeout": 2000
        }
      ],
      "passes": [],
      "failures": [],
      "pending": [],
      "skipped": [],
      "duration": 0,
      "root": true,
      "rootEmpty": true,
      "_timeout": 2000
    }
  ],
  "meta": {
    "mocha": {
      "version": "7.0.1"
    },
    "mochawesome": {
      "options": {
        "quiet": false,
        "reportFilename": "mochawesome",
        "saveHtml": false,
        "saveJson": true,
        "consoleReporter": "spec",
        "useInlineDiffs": false,
        "code": true
      },
      "version": "7.1.3"
    },
    "marge": {
      "options": {
        "reportDir": "cypress/reports",
        "overwrite": false,
        "html": false,
        "json": true
      },
      "version": "6.2.0"
    }
  }
}